BEGIN;
BEGIN
EXPLAIN (ANALYZE, BUFFERS)
select
	supp_nation,
	cust_nation,
	l_year,
	sum(volume) as revenue
from
	(
		select
			n1.n_name as supp_nation,
			n2.n_name as cust_nation,
			extract(year from l_shipdate) as l_year,
			l_extendedprice * (1 - l_discount) as volume
		from
			supplier,
			lineitem,
			orders,
			customer,
			nation n1,
			nation n2
		where
			s_suppkey = l_suppkey
			and o_orderkey = l_orderkey
			and c_custkey = o_custkey
			and s_nationkey = n1.n_nationkey
			and c_nationkey = n2.n_nationkey
			and (
				(n1.n_name = 'INDONESIA' and n2.n_name = 'UNITED KINGDOM')
				or (n1.n_name = 'UNITED KINGDOM' and n2.n_name = 'INDONESIA')
			)
			and l_shipdate between date '1995-01-01' and date '1996-12-31'
	) as shipping
group by
	supp_nation,
	cust_nation,
	l_year
order by
	supp_nation,
	cust_nation,
	l_year;
                                                                                                            QUERY PLAN                                                                                                             
-----------------------------------------------------------------------------------------------------------------------------------------------------------------------------------------------------------------------------------
 GroupAggregate  (cost=2350233.83..2352123.31 rows=58138 width=64) (actual time=45055.878..45076.712 rows=4 loops=1)
   Buffers: shared hit=338253 read=1088794
   ->  Sort  (cost=2350233.83..2350379.17 rows=58138 width=64) (actual time=45048.817..45052.166 rows=57973 loops=1)
         Sort Key: n1.n_name, n2.n_name, (date_part('year'::text, (lineitem.l_shipdate)::timestamp without time zone))
         Sort Method: quicksort  Memory: 9689kB
         Buffers: shared hit=338253 read=1088794
         ->  Hash Join  (cost=893333.23..2345633.02 rows=58138 width=64) (actual time=15131.546..44749.318 rows=57973 loops=1)
               Hash Cond: ((lineitem.l_suppkey = supplier.s_suppkey) AND (n1.n_nationkey = supplier.s_nationkey))
               Buffers: shared hit=338245 read=1088794
               ->  Hash Join  (cost=888654.23..2310980.89 rows=1455053 width=72) (actual time=15067.394..42243.320 rows=1461766 loops=1)
                     Hash Cond: (lineitem.l_orderkey = orders.o_orderkey)
                     Buffers: shared hit=336063 read=1088794
                     ->  Bitmap Heap Scan on lineitem  (cost=386032.78..1725548.69 rows=18202727 width=20) (actual time=5940.719..18851.033 rows=18248249 loops=1)
                           Recheck Cond: ((l_shipdate >= '1995-01-01'::date) AND (l_shipdate <= '1996-12-31'::date))
                           Buffers: shared hit=24268 read=1088443
                           ->  Bitmap Index Scan on lineitem_l_shipdate_l_suppkey__idx  (cost=0.00..381482.10 rows=18202727 width=0) (actual time=5563.446..5563.446 rows=18248249 loops=1)
                                 Index Cond: ((l_shipdate >= '1995-01-01'::date) AND (l_shipdate <= '1996-12-31'::date))
                                 Buffers: shared read=49815
                     ->  Hash  (cost=487618.47..487618.47 rows=1200238 width=60) (actual time=9125.769..9125.769 rows=1207144 loops=1)
                           Buckets: 131072  Batches: 1  Memory Usage: 108455kB
                           Buffers: shared hit=311795 read=351
                           ->  Hash Join  (cost=15638.06..487618.47 rows=1200238 width=60) (actual time=309.534..8670.906 rows=1207144 loops=1)
                                 Hash Cond: (orders.o_custkey = customer.c_custkey)
                                 Buffers: shared hit=311795 read=351
                                 ->  Seq Scan on orders  (cost=0.00..403671.84 rows=15014984 width=8) (actual time=0.017..2926.888 rows=15015000 loops=1)
                                       Buffers: shared hit=253504 read=18
                                 ->  Hash  (cost=14139.26..14139.26 rows=119904 width=60) (actual time=309.397..309.397 rows=120617 loops=1)
                                       Buckets: 16384  Batches: 1  Memory Usage: 10837kB
                                       Buffers: shared hit=58291 read=333
                                       ->  Nested Loop  (cost=905.09..14139.26 rows=119904 width=60) (actual time=17.616..272.099 rows=120617 loops=1)
                                             Buffers: shared hit=58291 read=333
                                             ->  Nested Loop  (cost=0.00..28.00 rows=2 width=60) (actual time=0.161..0.321 rows=2 loops=1)
                                                   Join Filter: (((n1.n_name = 'INDONESIA'::bpchar) AND (n2.n_name = 'UNITED KINGDOM'::bpchar)) OR ((n1.n_name = 'UNITED KINGDOM'::bpchar) AND (n2.n_name = 'INDONESIA'::bpchar)))
                                                   Rows Removed by Join Filter: 623
                                                   Buffers: shared hit=3
                                                   ->  Index Scan using pk_nation on nation n1  (cost=0.00..12.63 rows=25 width=30) (actual time=0.020..0.040 rows=25 loops=1)
                                                         Buffers: shared hit=2
                                                   ->  Materialize  (cost=0.00..1.38 rows=25 width=30) (actual time=0.001..0.003 rows=25 loops=25)
                                                         Buffers: shared hit=1
                                                         ->  Seq Scan on nation n2  (cost=0.00..1.25 rows=25 width=30) (actual time=0.007..0.020 rows=25 loops=1)
                                                               Buffers: shared hit=1
                                             ->  Bitmap Heap Scan on customer  (cost=905.09..6455.63 rows=60000 width=8) (actual time=17.024..125.519 rows=60308 loops=2)
                                                   Recheck Cond: (c_nationkey = n2.n_nationkey)
                                                   Buffers: shared hit=58288 read=333
                                                   ->  Bitmap Index Scan on customer_c_nationkey_c_custkey_idx  (cost=0.00..890.09 rows=60000 width=0) (actual time=11.380..11.380 rows=60308 loops=2)
                                                         Index Cond: (c_nationkey = n2.n_nationkey)
                                                         Buffers: shared hit=5 read=331
               ->  Hash  (cost=3179.00..3179.00 rows=100000 width=8) (actual time=63.921..63.921 rows=100000 loops=1)
                     Buckets: 16384  Batches: 1  Memory Usage: 3907kB
                     Buffers: shared hit=2179
                     ->  Seq Scan on supplier  (cost=0.00..3179.00 rows=100000 width=8) (actual time=0.014..36.003 rows=100000 loops=1)
                           Buffers: shared hit=2179
 Total runtime: 45096.342 ms
(53 rows)

COMMIT;
COMMIT
