BEGIN;
BEGIN
EXPLAIN (ANALYZE, BUFFERS)
select
	s_name,
	s_address
from
	supplier,
	nation
where
	s_suppkey in (
		select
			distinct (ps_suppkey)
		from
			partsupp,
			part
		where
			ps_partkey=p_partkey
			and p_name like 'blush%'
			and ps_availqty > (
				select
					0.5 * sum(l_quantity)
				from
					lineitem
				where
					l_partkey = ps_partkey
					and l_suppkey = ps_suppkey
					and l_shipdate >= '1993-01-01'
					and l_shipdate < cast(date '1993-01-01' + interval '1 year' as date)
			)
	)
	and s_nationkey = n_nationkey
	and n_name = 'CANADA'
order by
	s_name;
                                                                                                  QUERY PLAN                                                                                                   
---------------------------------------------------------------------------------------------------------------------------------------------------------------------------------------------------------------
 Sort  (cost=12740183.38..12740186.31 rows=1174 width=51) (actual time=8074.542..8074.637 rows=1809 loops=1)
   Sort Key: supplier.s_name
   Sort Method: quicksort  Memory: 259kB
   Buffers: shared hit=2685256 read=406563 dirtied=5854
   ->  Nested Loop  (cost=12735713.87..12740123.52 rows=1174 width=51) (actual time=7985.786..8059.938 rows=1809 loops=1)
         Join Filter: (supplier.s_nationkey = nation.n_nationkey)
         Rows Removed by Join Filter: 42814
         Buffers: shared hit=2685251 read=406563 dirtied=5854
         ->  Seq Scan on nation  (cost=0.00..1.31 rows=1 width=4) (actual time=0.013..0.027 rows=1 loops=1)
               Filter: (n_name = 'CANADA'::bpchar)
               Rows Removed by Filter: 24
               Buffers: shared hit=1
         ->  Hash Semi Join  (cost=12735713.87..12739755.20 rows=29361 width=55) (actual time=7985.752..8055.690 rows=44623 loops=1)
               Hash Cond: (supplier.s_suppkey = partsupp.ps_suppkey)
               Buffers: shared hit=2685250 read=406563 dirtied=5854
               ->  Seq Scan on supplier  (cost=0.00..3179.00 rows=100000 width=59) (actual time=0.017..30.221 rows=100000 loops=1)
                     Buffers: shared hit=2086 read=93
               ->  Hash  (cost=12735346.86..12735346.86 rows=29361 width=4) (actual time=7985.681..7985.681 rows=44623 loops=1)
                     Buckets: 4096  Batches: 1  Memory Usage: 1569kB
                     Buffers: shared hit=2683164 read=406470 dirtied=5854
                     ->  HashAggregate  (cost=12734759.64..12735053.25 rows=29361 width=4) (actual time=7962.520..7977.018 rows=44623 loops=1)
                           Buffers: shared hit=2683164 read=406470 dirtied=5854
                           ->  Nested Loop  (cost=0.00..12734686.23 rows=29361 width=4) (actual time=0.620..7905.506 rows=58836 loops=1)
                                 Buffers: shared hit=2683164 read=406470 dirtied=5854
                                 ->  Seq Scan on part  (cost=0.00..65522.00 rows=22021 width=4) (actual time=0.003..716.760 rows=21642 loops=1)
                                       Filter: ((p_name)::text ~~ 'blush%'::text)
                                       Rows Removed by Filter: 1978358
                                       Buffers: shared hit=2 read=40520
                                 ->  Index Scan using pk_partsupp on partsupp  (cost=0.00..575.31 rows=1 width=8) (actual time=0.280..0.331 rows=3 loops=21642)
                                       Index Cond: (ps_partkey = part.p_partkey)
                                       Filter: ((ps_availqty)::double precision > (SubPlan 1))
                                       Rows Removed by Filter: 1
                                       Buffers: shared hit=2683162 read=365950 dirtied=5854
                                       SubPlan 1
                                         ->  Aggregate  (cost=140.92..140.94 rows=1 width=4) (actual time=0.077..0.077 rows=1 loops=86568)
                                               Buffers: shared hit=2616269 read=343389 dirtied=5854
                                               ->  Index Scan using lineitem_l_partkey_l_quantity_l_shipmode_idx on lineitem  (cost=0.00..140.92 rows=1 width=4) (actual time=0.047..0.076 rows=1 loops=86568)
                                                     Index Cond: (l_partkey = partsupp.ps_partkey)
                                                     Filter: ((l_shipdate >= '1993-01-01'::date) AND (l_shipdate < '1994-01-01'::date) AND (l_suppkey = partsupp.ps_suppkey))
                                                     Rows Removed by Filter: 29
                                                     Buffers: shared hit=2616269 read=343389 dirtied=5854
 Total runtime: 8076.315 ms
(42 rows)

COMMIT;
COMMIT
