BEGIN;
BEGIN
EXPLAIN (ANALYZE, BUFFERS)
select
	s_name,
	s_address
from
	supplier,
	nation
where
	s_suppkey in (
		select
			distinct (ps_suppkey)
		from
			partsupp,
			part
		where
			ps_partkey=p_partkey
			and p_name like 'sky%'
			and ps_availqty > (
				select
					0.5 * sum(l_quantity)
				from
					lineitem
				where
					l_partkey = ps_partkey
					and l_suppkey = ps_suppkey
					and l_shipdate >= '1997-01-01'
					and l_shipdate < cast(date '1997-01-01' + interval '1 year' as date)
			)
	)
	and s_nationkey = n_nationkey
	and n_name = 'INDONESIA'
order by
	s_name;
                                                                                                  QUERY PLAN                                                                                                   
---------------------------------------------------------------------------------------------------------------------------------------------------------------------------------------------------------------
 Sort  (cost=12740183.38..12740186.31 rows=1174 width=51) (actual time=10850.755..10850.951 rows=1800 loops=1)
   Sort Key: supplier.s_name
   Sort Method: quicksort  Memory: 258kB
   Buffers: shared hit=2813216 read=299570 dirtied=2845 written=9990
   ->  Nested Loop  (cost=12735713.87..12740123.52 rows=1174 width=51) (actual time=10650.804..10839.201 rows=1800 loops=1)
         Join Filter: (supplier.s_nationkey = nation.n_nationkey)
         Rows Removed by Join Filter: 42910
         Buffers: shared hit=2813211 read=299570 dirtied=2845 written=9990
         ->  Seq Scan on nation  (cost=0.00..1.31 rows=1 width=4) (actual time=0.012..0.025 rows=1 loops=1)
               Filter: (n_name = 'INDONESIA'::bpchar)
               Rows Removed by Filter: 24
               Buffers: shared hit=1
         ->  Hash Semi Join  (cost=12735713.87..12739755.20 rows=29361 width=55) (actual time=10650.694..10829.976 rows=44710 loops=1)
               Hash Cond: (supplier.s_suppkey = partsupp.ps_suppkey)
               Buffers: shared hit=2813210 read=299570 dirtied=2845 written=9990
               ->  Seq Scan on supplier  (cost=0.00..3179.00 rows=100000 width=59) (actual time=0.023..47.032 rows=100000 loops=1)
                     Buffers: shared hit=1853 read=326 written=37
               ->  Hash  (cost=12735346.86..12735346.86 rows=29361 width=4) (actual time=10650.620..10650.620 rows=44710 loops=1)
                     Buckets: 4096  Batches: 1  Memory Usage: 1572kB
                     Buffers: shared hit=2811357 read=299244 dirtied=2845 written=9953
                     ->  HashAggregate  (cost=12734759.64..12735053.25 rows=29361 width=4) (actual time=10602.138..10634.291 rows=44710 loops=1)
                           Buffers: shared hit=2811357 read=299244 dirtied=2845 written=9953
                           ->  Nested Loop  (cost=0.00..12734686.23 rows=29361 width=4) (actual time=0.548..10509.609 rows=58916 loops=1)
                                 Buffers: shared hit=2811357 read=299244 dirtied=2845 written=9953
                                 ->  Seq Scan on part  (cost=0.00..65522.00 rows=22021 width=4) (actual time=0.030..889.254 rows=21731 loops=1)
                                       Filter: ((p_name)::text ~~ 'sky%'::text)
                                       Rows Removed by Filter: 1978269
                                       Buffers: shared hit=19323 read=21199 written=1205
                                 ->  Index Scan using pk_partsupp on partsupp  (cost=0.00..575.31 rows=1 width=8) (actual time=0.354..0.441 rows=3 loops=21731)
                                       Index Cond: (ps_partkey = part.p_partkey)
                                       Filter: ((ps_availqty)::double precision > (SubPlan 1))
                                       Rows Removed by Filter: 1
                                       Buffers: shared hit=2792034 read=278045 dirtied=2845 written=8748
                                       SubPlan 1
                                         ->  Aggregate  (cost=140.92..140.94 rows=1 width=4) (actual time=0.101..0.101 rows=1 loops=86924)
                                               Buffers: shared hit=2732896 read=247404 dirtied=2845 written=8214
                                               ->  Index Scan using lineitem_l_partkey_l_quantity_l_shipmode_idx on lineitem  (cost=0.00..140.92 rows=1 width=4) (actual time=0.063..0.099 rows=1 loops=86924)
                                                     Index Cond: (l_partkey = partsupp.ps_partkey)
                                                     Filter: ((l_shipdate >= '1997-01-01'::date) AND (l_shipdate < '1998-01-01'::date) AND (l_suppkey = partsupp.ps_suppkey))
                                                     Rows Removed by Filter: 29
                                                     Buffers: shared hit=2732896 read=247404 dirtied=2845 written=8214
 Total runtime: 10853.113 ms
(42 rows)

COMMIT;
COMMIT
