BEGIN;
BEGIN
EXPLAIN (ANALYZE, BUFFERS)
select
	supp_nation,
	cust_nation,
	l_year,
	sum(volume) as revenue
from
	(
		select
			n1.n_name as supp_nation,
			n2.n_name as cust_nation,
			extract(year from l_shipdate) as l_year,
			l_extendedprice * (1 - l_discount) as volume
		from
			supplier,
			lineitem,
			orders,
			customer,
			nation n1,
			nation n2
		where
			s_suppkey = l_suppkey
			and o_orderkey = l_orderkey
			and c_custkey = o_custkey
			and s_nationkey = n1.n_nationkey
			and c_nationkey = n2.n_nationkey
			and (
				(n1.n_name = 'EGYPT' and n2.n_name = 'CHINA')
				or (n1.n_name = 'CHINA' and n2.n_name = 'EGYPT')
			)
			and l_shipdate between date '1995-01-01' and date '1996-12-31'
	) as shipping
group by
	supp_nation,
	cust_nation,
	l_year
order by
	supp_nation,
	cust_nation,
	l_year;
                                                                                               QUERY PLAN                                                                                                
---------------------------------------------------------------------------------------------------------------------------------------------------------------------------------------------------------
 GroupAggregate  (cost=2358751.91..2360648.94 rows=58370 width=64) (actual time=72072.244..72102.275 rows=4 loops=1)
   Buffers: shared hit=738015 read=694173 dirtied=1096 written=19329
   ->  Sort  (cost=2358751.91..2358897.84 rows=58370 width=64) (actual time=72061.984..72071.246 rows=58302 loops=1)
         Sort Key: n1.n_name, n2.n_name, (date_part('year'::text, (lineitem.l_shipdate)::timestamp without time zone))
         Sort Method: quicksort  Memory: 9735kB
         Buffers: shared hit=738015 read=694173 dirtied=1096 written=19329
         ->  Hash Join  (cost=896023.30..2354131.07 rows=58370 width=64) (actual time=34841.689..71830.973 rows=58302 loops=1)
               Hash Cond: ((lineitem.l_suppkey = supplier.s_suppkey) AND (n1.n_nationkey = supplier.s_nationkey))
               Buffers: shared hit=738007 read=694173 dirtied=1096 written=19329
               ->  Hash Join  (cost=891344.30..2319359.08 rows=1460872 width=72) (actual time=34710.442..68683.613 rows=1463904 loops=1)
                     Hash Cond: (lineitem.l_orderkey = orders.o_orderkey)
                     Buffers: shared hit=735825 read=694173 dirtied=1096 written=19329
                     ->  Bitmap Heap Scan on lineitem  (cost=386778.94..1731651.78 rows=18275523 width=20) (actual time=14796.147..28979.604 rows=18247443 loops=1)
                           Recheck Cond: ((l_shipdate >= '1995-01-01'::date) AND (l_shipdate <= '1996-12-31'::date))
                           Buffers: shared hit=487030 read=629930 dirtied=1060 written=18441
                           ->  Bitmap Index Scan on lineitem_l_shipdate_l_suppkey__idx  (cost=0.00..382210.06 rows=18275523 width=0) (actual time=14088.132..14088.132 rows=18320255 loops=1)
                                 Index Cond: ((l_shipdate >= '1995-01-01'::date) AND (l_shipdate <= '1996-12-31'::date))
                                 Buffers: shared read=49815 written=10
                     ->  Hash  (cost=489502.50..489502.50 rows=1205029 width=60) (actual time=19913.598..19913.598 rows=1203298 loops=1)
                           Buckets: 131072  Batches: 1  Memory Usage: 108109kB
                           Buffers: shared hit=248795 read=64243 dirtied=36 written=888
                           ->  Hash Join  (cost=15638.06..489502.50 rows=1205029 width=60) (actual time=636.446..19161.545 rows=1203298 loops=1)
                                 Hash Cond: (orders.o_custkey = customer.c_custkey)
                                 Buffers: shared hit=248795 read=64243 dirtied=36 written=888
                                 ->  Seq Scan on orders  (cost=0.00..405283.20 rows=15074920 width=8) (actual time=0.018..3978.430 rows=15015000 loops=1)
                                       Buffers: shared hit=224863 read=29671 dirtied=36 written=888
                                 ->  Hash  (cost=14139.26..14139.26 rows=119904 width=60) (actual time=636.302..636.302 rows=120034 loops=1)
                                       Buckets: 16384  Batches: 1  Memory Usage: 10785kB
                                       Buffers: shared hit=23932 read=34572
                                       ->  Nested Loop  (cost=905.09..14139.26 rows=119904 width=60) (actual time=16.985..584.041 rows=120034 loops=1)
                                             Buffers: shared hit=23932 read=34572
                                             ->  Nested Loop  (cost=0.00..28.00 rows=2 width=60) (actual time=0.122..0.333 rows=2 loops=1)
                                                   Join Filter: (((n1.n_name = 'EGYPT'::bpchar) AND (n2.n_name = 'CHINA'::bpchar)) OR ((n1.n_name = 'CHINA'::bpchar) AND (n2.n_name = 'EGYPT'::bpchar)))
                                                   Rows Removed by Join Filter: 623
                                                   Buffers: shared hit=3
                                                   ->  Index Scan using pk_nation on nation n1  (cost=0.00..12.63 rows=25 width=30) (actual time=0.024..0.042 rows=25 loops=1)
                                                         Buffers: shared hit=2
                                                   ->  Materialize  (cost=0.00..1.38 rows=25 width=30) (actual time=0.001..0.003 rows=25 loops=25)
                                                         Buffers: shared hit=1
                                                         ->  Seq Scan on nation n2  (cost=0.00..1.25 rows=25 width=30) (actual time=0.006..0.013 rows=25 loops=1)
                                                               Buffers: shared hit=1
                                             ->  Bitmap Heap Scan on customer  (cost=905.09..6455.63 rows=60000 width=8) (actual time=17.470..278.956 rows=60017 loops=2)
                                                   Recheck Cond: (c_nationkey = n2.n_nationkey)
                                                   Buffers: shared hit=23929 read=34572
                                                   ->  Bitmap Index Scan on customer_c_nationkey_c_custkey_idx  (cost=0.00..890.09 rows=60000 width=0) (actual time=11.479..11.479 rows=60017 loops=2)
                                                         Index Cond: (c_nationkey = n2.n_nationkey)
                                                         Buffers: shared hit=1 read=334
               ->  Hash  (cost=3179.00..3179.00 rows=100000 width=8) (actual time=131.029..131.029 rows=100000 loops=1)
                     Buckets: 16384  Batches: 1  Memory Usage: 3907kB
                     Buffers: shared hit=2179
                     ->  Seq Scan on supplier  (cost=0.00..3179.00 rows=100000 width=8) (actual time=0.015..52.925 rows=100000 loops=1)
                           Buffers: shared hit=2179
 Total runtime: 72139.304 ms
(53 rows)

COMMIT;
COMMIT
