BEGIN;
BEGIN
EXPLAIN (ANALYZE, BUFFERS)
select
	s_name,
	s_address
from
	supplier,
	nation
where
	s_suppkey in (
		select
			distinct (ps_suppkey)
		from
			partsupp,
			part
		where
			ps_partkey=p_partkey
			and p_name like 'rose%'
			and ps_availqty > (
				select
					0.5 * sum(l_quantity)
				from
					lineitem
				where
					l_partkey = ps_partkey
					and l_suppkey = ps_suppkey
					and l_shipdate >= '1996-01-01'
					and l_shipdate < cast(date '1996-01-01' + interval '1 year' as date)
			)
	)
	and s_nationkey = n_nationkey
	and n_name = 'JAPAN'
order by
	s_name;
                                                                                                  QUERY PLAN                                                                                                   
---------------------------------------------------------------------------------------------------------------------------------------------------------------------------------------------------------------
 Sort  (cost=12740183.38..12740186.31 rows=1174 width=51) (actual time=9916.206..9916.326 rows=1787 loops=1)
   Sort Key: supplier.s_name
   Sort Method: quicksort  Memory: 255kB
   Buffers: shared hit=2756936 read=378473 dirtied=4010 written=5005
   ->  Nested Loop  (cost=12735713.87..12740123.52 rows=1174 width=51) (actual time=9801.545..9909.621 rows=1787 loops=1)
         Join Filter: (supplier.s_nationkey = nation.n_nationkey)
         Rows Removed by Join Filter: 43185
         Buffers: shared hit=2756931 read=378473 dirtied=4010 written=5005
         ->  Seq Scan on nation  (cost=0.00..1.31 rows=1 width=4) (actual time=0.022..0.033 rows=1 loops=1)
               Filter: (n_name = 'JAPAN'::bpchar)
               Rows Removed by Filter: 24
               Buffers: shared hit=1
         ->  Hash Semi Join  (cost=12735713.87..12739755.20 rows=29361 width=55) (actual time=9801.441..9904.775 rows=44972 loops=1)
               Hash Cond: (supplier.s_suppkey = partsupp.ps_suppkey)
               Buffers: shared hit=2756930 read=378473 dirtied=4010 written=5005
               ->  Seq Scan on supplier  (cost=0.00..3179.00 rows=100000 width=59) (actual time=0.017..30.467 rows=100000 loops=1)
                     Buffers: shared hit=2179
               ->  Hash  (cost=12735346.86..12735346.86 rows=29361 width=4) (actual time=9801.378..9801.378 rows=44972 loops=1)
                     Buckets: 4096  Batches: 1  Memory Usage: 1582kB
                     Buffers: shared hit=2754751 read=378473 dirtied=4010 written=5005
                     ->  HashAggregate  (cost=12734759.64..12735053.25 rows=29361 width=4) (actual time=9765.687..9790.686 rows=44972 loops=1)
                           Buffers: shared hit=2754751 read=378473 dirtied=4010 written=5005
                           ->  Nested Loop  (cost=0.00..12734686.23 rows=29361 width=4) (actual time=0.677..9684.143 rows=59485 loops=1)
                                 Buffers: shared hit=2754751 read=378473 dirtied=4010 written=5005
                                 ->  Seq Scan on part  (cost=0.00..65522.00 rows=22021 width=4) (actual time=0.013..745.986 rows=21849 loops=1)
                                       Filter: ((p_name)::text ~~ 'rose%'::text)
                                       Rows Removed by Filter: 1978151
                                       Buffers: shared hit=22658 read=17864 written=205
                                 ->  Index Scan using pk_partsupp on partsupp  (cost=0.00..575.31 rows=1 width=8) (actual time=0.336..0.407 rows=3 loops=21849)
                                       Index Cond: (ps_partkey = part.p_partkey)
                                       Filter: ((ps_availqty)::double precision > (SubPlan 1))
                                       Rows Removed by Filter: 1
                                       Buffers: shared hit=2732093 read=360609 dirtied=4010 written=4800
                                       SubPlan 1
                                         ->  Aggregate  (cost=140.92..140.94 rows=1 width=4) (actual time=0.094..0.094 rows=1 loops=87396)
                                               Buffers: shared hit=2672910 read=329635 dirtied=4010 written=4549
                                               ->  Index Scan using lineitem_l_partkey_l_quantity_l_shipmode_idx on lineitem  (cost=0.00..140.92 rows=1 width=4) (actual time=0.058..0.092 rows=1 loops=87396)
                                                     Index Cond: (l_partkey = partsupp.ps_partkey)
                                                     Filter: ((l_shipdate >= '1996-01-01'::date) AND (l_shipdate < '1997-01-01'::date) AND (l_suppkey = partsupp.ps_suppkey))
                                                     Rows Removed by Filter: 29
                                                     Buffers: shared hit=2672910 read=329635 dirtied=4010 written=4549
 Total runtime: 9917.979 ms
(42 rows)

COMMIT;
COMMIT
