BEGIN;
BEGIN
EXPLAIN (ANALYZE, BUFFERS)
select
	s_name,
	s_address
from
	supplier,
	nation
where
	s_suppkey in (
		select
			distinct (ps_suppkey)
		from
			partsupp,
			part
		where
			ps_partkey=p_partkey
			and p_name like 'dodger%'
			and ps_availqty > (
				select
					0.5 * sum(l_quantity)
				from
					lineitem
				where
					l_partkey = ps_partkey
					and l_suppkey = ps_suppkey
					and l_shipdate >= '1996-01-01'
					and l_shipdate < cast(date '1996-01-01' + interval '1 year' as date)
			)
	)
	and s_nationkey = n_nationkey
	and n_name = 'UNITED STATES'
order by
	s_name;
                                                                                                  QUERY PLAN                                                                                                   
---------------------------------------------------------------------------------------------------------------------------------------------------------------------------------------------------------------
 Sort  (cost=12740183.38..12740186.31 rows=1174 width=51) (actual time=8606.530..8606.649 rows=1844 loops=1)
   Sort Key: supplier.s_name
   Sort Method: quicksort  Memory: 262kB
   Buffers: shared hit=2750849 read=340901 dirtied=6380 written=1
   ->  Nested Loop  (cost=12735713.87..12740123.52 rows=1174 width=51) (actual time=8497.913..8596.525 rows=1844 loops=1)
         Join Filter: (supplier.s_nationkey = nation.n_nationkey)
         Rows Removed by Join Filter: 42834
         Buffers: shared hit=2750844 read=340901 dirtied=6380 written=1
         ->  Seq Scan on nation  (cost=0.00..1.31 rows=1 width=4) (actual time=0.013..0.014 rows=1 loops=1)
               Filter: (n_name = 'UNITED STATES'::bpchar)
               Rows Removed by Filter: 24
               Buffers: shared hit=1
         ->  Hash Semi Join  (cost=12735713.87..12739755.20 rows=29361 width=55) (actual time=8497.876..8591.785 rows=44678 loops=1)
               Hash Cond: (supplier.s_suppkey = partsupp.ps_suppkey)
               Buffers: shared hit=2750843 read=340901 dirtied=6380 written=1
               ->  Seq Scan on supplier  (cost=0.00..3179.00 rows=100000 width=59) (actual time=0.019..29.393 rows=100000 loops=1)
                     Buffers: shared hit=2179
               ->  Hash  (cost=12735346.86..12735346.86 rows=29361 width=4) (actual time=8497.818..8497.818 rows=44678 loops=1)
                     Buckets: 4096  Batches: 1  Memory Usage: 1571kB
                     Buffers: shared hit=2748664 read=340901 dirtied=6380 written=1
                     ->  HashAggregate  (cost=12734759.64..12735053.25 rows=29361 width=4) (actual time=8468.027..8487.802 rows=44678 loops=1)
                           Buffers: shared hit=2748664 read=340901 dirtied=6380 written=1
                           ->  Nested Loop  (cost=0.00..12734686.23 rows=29361 width=4) (actual time=0.686..8394.034 rows=58833 loops=1)
                                 Buffers: shared hit=2748664 read=340901 dirtied=6380 written=1
                                 ->  Seq Scan on part  (cost=0.00..65522.00 rows=22021 width=4) (actual time=0.030..603.024 rows=21625 loops=1)
                                       Filter: ((p_name)::text ~~ 'dodger%'::text)
                                       Rows Removed by Filter: 1978375
                                       Buffers: shared hit=33992 read=6530
                                 ->  Index Scan using pk_partsupp on partsupp  (cost=0.00..575.31 rows=1 width=8) (actual time=0.298..0.359 rows=3 loops=21625)
                                       Index Cond: (ps_partkey = part.p_partkey)
                                       Filter: ((ps_availqty)::double precision > (SubPlan 1))
                                       Rows Removed by Filter: 1
                                       Buffers: shared hit=2714672 read=334371 dirtied=6380 written=1
                                       SubPlan 1
                                         ->  Aggregate  (cost=140.92..140.94 rows=1 width=4) (actual time=0.083..0.083 rows=1 loops=86500)
                                               Buffers: shared hit=2651945 read=307769 dirtied=6380 written=1
                                               ->  Index Scan using lineitem_l_partkey_l_quantity_l_shipmode_idx on lineitem  (cost=0.00..140.92 rows=1 width=4) (actual time=0.051..0.081 rows=1 loops=86500)
                                                     Index Cond: (l_partkey = partsupp.ps_partkey)
                                                     Filter: ((l_shipdate >= '1996-01-01'::date) AND (l_shipdate < '1997-01-01'::date) AND (l_suppkey = partsupp.ps_suppkey))
                                                     Rows Removed by Filter: 29
                                                     Buffers: shared hit=2651945 read=307769 dirtied=6380 written=1
 Total runtime: 8608.268 ms
(42 rows)

COMMIT;
COMMIT
