BEGIN;
BEGIN
EXPLAIN (ANALYZE, BUFFERS)
select
	o_year,
	sum(case
		when nation = 'PERU' then volume
		else 0
	end) / sum(volume) as mkt_share
from
	(
		select
			extract(year from o_orderdate) as o_year,
			l_extendedprice * (1 - l_discount) as volume,
			n2.n_name as nation
		from
			part,
			supplier,
			lineitem,
			orders,
			customer,
			nation n1,
			nation n2,
			region
		where
			p_partkey = l_partkey
			and s_suppkey = l_suppkey
			and l_orderkey = o_orderkey
			and o_custkey = c_custkey
			and c_nationkey = n1.n_nationkey
			and n1.n_regionkey = r_regionkey
			and r_name = 'AMERICA'
			and s_nationkey = n2.n_nationkey
			and o_orderdate between date '1995-01-01' and date '1996-12-31'
			and p_type = 'PROMO PLATED STEEL'
	) as all_nations
group by
	o_year
order by
	o_year;
                                                                                                 QUERY PLAN                                                                                                  
-------------------------------------------------------------------------------------------------------------------------------------------------------------------------------------------------------------
 Sort  (cost=2180315.65..2180317.48 rows=733 width=38) (actual time=27614.092..27614.092 rows=2 loops=1)
   Sort Key: (date_part('year'::text, (orders.o_orderdate)::timestamp without time zone))
   Sort Method: quicksort  Memory: 25kB
   Buffers: shared hit=601086 read=397349 dirtied=813 written=317
   ->  HashAggregate  (cost=2180267.94..2180280.77 rows=733 width=38) (actual time=27614.026..27614.028 rows=2 loops=1)
         Buffers: shared hit=601083 read=397349 dirtied=813 written=317
         ->  Nested Loop  (cost=496594.58..2179777.10 rows=24542 width=38) (actual time=22453.356..27569.608 rows=24111 loops=1)
               Buffers: shared hit=601083 read=397349 dirtied=813 written=317
               ->  Nested Loop  (cost=496594.58..2172777.72 rows=24542 width=16) (actual time=22453.286..27470.582 rows=24111 loops=1)
                     Buffers: shared hit=552861 read=397349 dirtied=813 written=317
                     ->  Hash Join  (cost=496594.58..2165623.15 rows=24569 width=16) (actual time=22453.231..27242.596 rows=24111 loops=1)
                           Hash Cond: (lineitem.l_orderkey = orders.o_orderkey)
                           Buffers: shared hit=480554 read=397172 dirtied=813 written=317
                           ->  Nested Loop  (cost=0.00..1666765.37 rows=403503 width=16) (actual time=0.300..3810.990 rows=398081 loops=1)
                                 Buffers: shared hit=307322 read=157979 dirtied=414 written=35
                                 ->  Index Only Scan using part_p_type_p_partkey_idx on part  (cost=0.00..46582.49 rows=13413 width=4) (actual time=0.264..171.551 rows=13251 loops=1)
                                       Index Cond: (p_type = 'PROMO PLATED STEEL'::text)
                                       Heap Fetches: 13251
                                       Buffers: shared hit=441 read=10941 written=1
                                 ->  Index Scan using lineitem_l_partkey_l_quantity_l_shipmode_idx on lineitem  (cost=0.00..120.48 rows=31 width=20) (actual time=0.028..0.265 rows=30 loops=13251)
                                       Index Cond: (l_partkey = part.p_partkey)
                                       Buffers: shared hit=306881 read=147038 dirtied=414 written=34
                           ->  Hash  (cost=485143.68..485143.68 rows=916072 width=8) (actual time=22451.730..22451.730 rows=911247 loops=1)
                                 Buckets: 131072  Batches: 1  Memory Usage: 35596kB
                                 Buffers: shared hit=173229 read=239193 dirtied=399 written=282
                                 ->  Hash Join  (cost=136073.21..485143.68 rows=916072 width=8) (actual time=5013.605..21960.580 rows=911247 loops=1)
                                       Hash Cond: (orders.o_custkey = customer.c_custkey)
                                       Buffers: shared hit=173229 read=239193 dirtied=399 written=282
                                       ->  Bitmap Heap Scan on orders  (cost=97042.59..419775.99 rows=4580360 width=12) (actual time=3567.821..8424.667 rows=4561956 loops=1)
                                             Recheck Cond: ((o_orderdate >= '1995-01-01'::date) AND (o_orderdate <= '1996-12-31'::date))
                                             Buffers: shared hit=63392 read=203092 dirtied=399 written=94
                                             ->  Bitmap Index Scan on orders_o_orderdate_o_orderkey_idx  (cost=0.00..95897.50 rows=4580360 width=0) (actual time=3423.996..3423.996 rows=4570988 loops=1)
                                                   Index Cond: ((o_orderdate >= '1995-01-01'::date) AND (o_orderdate <= '1996-12-31'::date))
                                                   Buffers: shared hit=52 read=12404 written=44
                                       ->  Hash  (cost=35280.62..35280.62 rows=300000 width=4) (actual time=1445.508..1445.508 rows=299436 loops=1)
                                             Buckets: 32768  Batches: 1  Memory Usage: 10528kB
                                             Buffers: shared hit=109837 read=36101 written=188
                                             ->  Nested Loop  (cost=906.17..35280.62 rows=300000 width=4) (actual time=23.466..1298.332 rows=299436 loops=1)
                                                   Buffers: shared hit=109837 read=36101 written=188
                                                   ->  Hash Join  (cost=1.07..2.47 rows=5 width=4) (actual time=0.024..0.083 rows=5 loops=1)
                                                         Hash Cond: (n1.n_regionkey = region.r_regionkey)
                                                         Buffers: shared hit=2
                                                         ->  Seq Scan on nation n1  (cost=0.00..1.25 rows=25 width=8) (actual time=0.005..0.024 rows=25 loops=1)
                                                               Buffers: shared hit=1
                                                         ->  Hash  (cost=1.06..1.06 rows=1 width=4) (actual time=0.011..0.011 rows=1 loops=1)
                                                               Buckets: 1024  Batches: 1  Memory Usage: 1kB
                                                               Buffers: shared hit=1
                                                               ->  Seq Scan on region  (cost=0.00..1.06 rows=1 width=4) (actual time=0.009..0.010 rows=1 loops=1)
                                                                     Filter: (r_name = 'AMERICA'::bpchar)
                                                                     Rows Removed by Filter: 4
                                                                     Buffers: shared hit=1
                                                   ->  Bitmap Heap Scan on customer  (cost=905.09..6455.63 rows=60000 width=8) (actual time=25.825..244.257 rows=59887 loops=5)
                                                         Recheck Cond: (c_nationkey = n1.n_nationkey)
                                                         Buffers: shared hit=109835 read=36101 written=188
                                                         ->  Bitmap Index Scan on customer_c_nationkey_c_custkey_idx  (cost=0.00..890.09 rows=60000 width=0) (actual time=17.407..17.407 rows=59887 loops=5)
                                                               Index Cond: (c_nationkey = n1.n_nationkey)
                                                               Buffers: shared hit=7 read=827 written=7
                     ->  Index Scan using pk_supplier on supplier  (cost=0.00..0.28 rows=1 width=8) (actual time=0.008..0.008 rows=1 loops=24111)
                           Index Cond: (s_suppkey = lineitem.l_suppkey)
                           Buffers: shared hit=72307 read=177
               ->  Index Scan using pk_nation on nation n2  (cost=0.00..0.27 rows=1 width=30) (actual time=0.002..0.002 rows=1 loops=24111)
                     Index Cond: (n_nationkey = supplier.s_nationkey)
                     Buffers: shared hit=48222
 Total runtime: 27624.226 ms
(64 rows)

COMMIT;
COMMIT
